<?xml version="1.0" encoding="UTF-8"?>
<coverage generated="1721842575802" clover="3.2.0">
  <project timestamp="1721842575802" name="All files">
    <metrics statements="10" coveredstatements="10" conditionals="6" coveredconditionals="6" methods="4" coveredmethods="4" elements="20" coveredelements="20" complexity="0" loc="10" ncloc="10" packages="3" files="4" classes="4"/>
    <package name="Todos.TodoAdd">
      <metrics statements="5" coveredstatements="5" conditionals="2" coveredconditionals="2" methods="2" coveredmethods="2"/>
      <file name="Schema.ts" path="E:\Programming\Hillel\Homework_48\ui\src\components\Todos\TodoAdd\Schema.ts">
        <metrics statements="1" coveredstatements="1" conditionals="0" coveredconditionals="0" methods="0" coveredmethods="0"/>
        <line num="3" count="1" type="stmt"/>
      </file>
      <file name="TodoAdd.tsx" path="E:\Programming\Hillel\Homework_48\ui\src\components\Todos\TodoAdd\TodoAdd.tsx">
        <metrics statements="4" coveredstatements="4" conditionals="2" coveredconditionals="2" methods="2" coveredmethods="2"/>
        <line num="17" count="16" type="stmt"/>
        <line num="23" count="1" type="stmt"/>
        <line num="24" count="1" type="stmt"/>
        <line num="28" count="16" type="stmt"/>
      </file>
    </package>
    <package name="ui.Button">
      <metrics statements="3" coveredstatements="3" conditionals="0" coveredconditionals="0" methods="1" coveredmethods="1"/>
      <file name="Button.tsx" path="E:\Programming\Hillel\Homework_48\ui\src\components\ui\Button\Button.tsx">
        <metrics statements="3" coveredstatements="3" conditionals="0" coveredconditionals="0" methods="1" coveredmethods="1"/>
        <line num="10" count="1" type="stmt"/>
        <line num="16" count="16" type="stmt"/>
        <line num="20" count="16" type="stmt"/>
      </file>
    </package>
    <package name="ui.Input">
      <metrics statements="2" coveredstatements="2" conditionals="4" coveredconditionals="4" methods="1" coveredmethods="1"/>
      <file name="Input.tsx" path="E:\Programming\Hillel\Homework_48\ui\src\components\ui\Input\Input.tsx">
        <metrics statements="2" coveredstatements="2" conditionals="4" coveredconditionals="4" methods="1" coveredmethods="1"/>
        <line num="15" count="1" type="stmt"/>
        <line num="26" count="12" type="stmt"/>
      </file>
    </package>
  </project>
</coverage>
