{"E:\\Programming\\Hillel\\Homework_48\\ui\\src\\components\\Todos\\TodoAdd\\Schema.ts": {"path":"E:\\Programming\\Hillel\\Homework_48\\ui\\src\\components\\Todos\\TodoAdd\\Schema.ts","statementMap":{"0":{"start":{"line":3,"column":25},"end":{"line":8,"column":2}}},"fnMap":{},"branchMap":{},"s":{"0":1},"f":{},"b":{},"_coverageSchema":"1a1c01bbd47fc00a2c39e90264f33305004495a9","hash":"c04af9c8286a4cfaa14670707c64d6376d7233b1"}
,"E:\\Programming\\Hillel\\Homework_48\\ui\\src\\components\\Todos\\TodoAdd\\TodoAdd.tsx": {"path":"E:\\Programming\\Hillel\\Homework_48\\ui\\src\\components\\Todos\\TodoAdd\\TodoAdd.tsx","statementMap":{"0":{"start":{"line":17,"column":17},"end":{"line":26,"column":4}},"1":{"start":{"line":23,"column":6},"end":{"line":23,"column":33}},"2":{"start":{"line":24,"column":6},"end":{"line":24,"column":18}},"3":{"start":{"line":28,"column":2},"end":{"line":49,"column":4}}},"fnMap":{"0":{"name":"TodoAdd","decl":{"start":{"line":16,"column":9},"end":{"line":16,"column":16}},"loc":{"start":{"line":16,"column":38},"end":{"line":50,"column":1}},"line":16},"1":{"name":"(anonymous_1)","decl":{"start":{"line":22,"column":4},"end":{"line":22,"column":5}},"loc":{"start":{"line":22,"column":42},"end":{"line":25,"column":5}},"line":22}},"branchMap":{"0":{"loc":{"start":{"line":44,"column":18},"end":{"line":44,"column":50}},"type":"binary-expr","locations":[{"start":{"line":44,"column":18},"end":{"line":44,"column":33}},{"start":{"line":44,"column":37},"end":{"line":44,"column":50}}],"line":44}},"s":{"0":16,"1":1,"2":1,"3":16},"f":{"0":16,"1":1},"b":{"0":[16,14]},"_coverageSchema":"1a1c01bbd47fc00a2c39e90264f33305004495a9","hash":"1b7213095508418527b58ccb61a731d15998dd8c"}
,"E:\\Programming\\Hillel\\Homework_48\\ui\\src\\components\\ui\\Button\\Button.tsx": {"path":"E:\\Programming\\Hillel\\Homework_48\\ui\\src\\components\\ui\\Button\\Button.tsx","statementMap":{"0":{"start":{"line":10,"column":15},"end":{"line":25,"column":1}},"1":{"start":{"line":16,"column":13},"end":{"line":18,"column":4}},"2":{"start":{"line":20,"column":2},"end":{"line":24,"column":4}}},"fnMap":{"0":{"name":"(anonymous_0)","decl":{"start":{"line":10,"column":15},"end":{"line":10,"column":16}},"loc":{"start":{"line":15,"column":34},"end":{"line":25,"column":1}},"line":15}},"branchMap":{},"s":{"0":1,"1":16,"2":16},"f":{"0":16},"b":{},"_coverageSchema":"1a1c01bbd47fc00a2c39e90264f33305004495a9","hash":"3e5955b805b6f49d1776d7607e05fb31b1ba3cda"}
,"E:\\Programming\\Hillel\\Homework_48\\ui\\src\\components\\ui\\Input\\Input.tsx": {"path":"E:\\Programming\\Hillel\\Homework_48\\ui\\src\\components\\ui\\Input\\Input.tsx","statementMap":{"0":{"start":{"line":15,"column":14},"end":{"line":52,"column":1}},"1":{"start":{"line":26,"column":4},"end":{"line":50,"column":6}}},"fnMap":{"0":{"name":"(anonymous_0)","decl":{"start":{"line":16,"column":2},"end":{"line":16,"column":3}},"loc":{"start":{"line":25,"column":16},"end":{"line":51,"column":3}},"line":25}},"branchMap":{"0":{"loc":{"start":{"line":32,"column":9},"end":{"line":32,"column":55}},"type":"binary-expr","locations":[{"start":{"line":32,"column":9},"end":{"line":32,"column":14}},{"start":{"line":32,"column":18},"end":{"line":32,"column":55}}],"line":32},"1":{"loc":{"start":{"line":44,"column":9},"end":{"line":48,"column":9}},"type":"binary-expr","locations":[{"start":{"line":44,"column":9},"end":{"line":44,"column":14}},{"start":{"line":45,"column":10},"end":{"line":47,"column":14}}],"line":44}},"s":{"0":1,"1":12},"f":{"0":12},"b":{"0":[12,12],"1":[12,2]},"_coverageSchema":"1a1c01bbd47fc00a2c39e90264f33305004495a9","hash":"b01efba8675ede50f562add7e2170e9a9473a289"}
}
