{"E:\\Programming\\Hillel\\Homework_48\\ui\\public\\moon.svg": {"path":"E:\\Programming\\Hillel\\Homework_48\\ui\\public\\moon.svg","statementMap":{"0":{"start":{"line":1,"column":0},"end":{"line":1,"column":19}}},"fnMap":{},"branchMap":{},"s":{"0":1},"f":{},"b":{},"_coverageSchema":"1a1c01bbd47fc00a2c39e90264f33305004495a9","hash":"e2e34de00451966026379547408ecc94bc3ca686"}
,"E:\\Programming\\Hillel\\Homework_48\\ui\\public\\sun.svg": {"path":"E:\\Programming\\Hillel\\Homework_48\\ui\\public\\sun.svg","statementMap":{"0":{"start":{"line":1,"column":0},"end":{"line":1,"column":19}}},"fnMap":{},"branchMap":{},"s":{"0":1},"f":{},"b":{},"_coverageSchema":"1a1c01bbd47fc00a2c39e90264f33305004495a9","hash":"74ecd236dbd557287d525ce1f57e70ff035424dd"}
,"E:\\Programming\\Hillel\\Homework_48\\ui\\src\\types.ts": {"path":"E:\\Programming\\Hillel\\Homework_48\\ui\\src\\types.ts","statementMap":{},"fnMap":{},"branchMap":{},"s":{},"f":{},"b":{},"_coverageSchema":"1a1c01bbd47fc00a2c39e90264f33305004495a9","hash":"edda8acdeb0a28fb38f6eeb1534225bed89954ba"}
,"E:\\Programming\\Hillel\\Homework_48\\ui\\src\\api\\index.ts": {"path":"E:\\Programming\\Hillel\\Homework_48\\ui\\src\\api\\index.ts","statementMap":{"0":{"start":{"line":7,"column":4},"end":{"line":7,"column":41}},"1":{"start":{"line":10,"column":18},"end":{"line":10,"column":77}},"2":{"start":{"line":10,"column":24},"end":{"line":10,"column":77}},"3":{"start":{"line":11,"column":20},"end":{"line":12,"column":49}},"4":{"start":{"line":12,"column":4},"end":{"line":12,"column":49}},"5":{"start":{"line":13,"column":20},"end":{"line":14,"column":58}},"6":{"start":{"line":14,"column":4},"end":{"line":14,"column":58}},"7":{"start":{"line":15,"column":20},"end":{"line":15,"column":72}},"8":{"start":{"line":15,"column":36},"end":{"line":15,"column":72}},"9":{"start":{"line":18,"column":12},"end":{"line":21,"column":2}}},"fnMap":{"0":{"name":"(anonymous_0)","decl":{"start":{"line":6,"column":2},"end":{"line":6,"column":3}},"loc":{"start":{"line":6,"column":43},"end":{"line":8,"column":3}},"line":6},"1":{"name":"(anonymous_1)","decl":{"start":{"line":10,"column":18},"end":{"line":10,"column":19}},"loc":{"start":{"line":10,"column":24},"end":{"line":10,"column":77}},"line":10},"2":{"name":"(anonymous_2)","decl":{"start":{"line":11,"column":20},"end":{"line":11,"column":21}},"loc":{"start":{"line":12,"column":4},"end":{"line":12,"column":49}},"line":12},"3":{"name":"(anonymous_3)","decl":{"start":{"line":13,"column":20},"end":{"line":13,"column":21}},"loc":{"start":{"line":14,"column":4},"end":{"line":14,"column":58}},"line":14},"4":{"name":"(anonymous_4)","decl":{"start":{"line":15,"column":20},"end":{"line":15,"column":21}},"loc":{"start":{"line":15,"column":36},"end":{"line":15,"column":72}},"line":15}},"branchMap":{},"s":{"0":9,"1":9,"2":6,"3":9,"4":2,"5":9,"6":0,"7":9,"8":0,"9":5},"f":{"0":9,"1":6,"2":2,"3":0,"4":0},"b":{},"_coverageSchema":"1a1c01bbd47fc00a2c39e90264f33305004495a9","hash":"88914af193c5dfe18e8c56d6079fadb5d1c4212d"}
,"E:\\Programming\\Hillel\\Homework_48\\ui\\src\\components\\Header\\ThemeSwitcher\\ThemeSwitcher.tsx": {"path":"E:\\Programming\\Hillel\\Homework_48\\ui\\src\\components\\Header\\ThemeSwitcher\\ThemeSwitcher.tsx","statementMap":{"0":{"start":{"line":7,"column":22},"end":{"line":7,"column":40}},"1":{"start":{"line":8,"column":16},"end":{"line":8,"column":31}},"2":{"start":{"line":9,"column":2},"end":{"line":23,"column":4}},"3":{"start":{"line":14,"column":8},"end":{"line":14,"column":22}}},"fnMap":{"0":{"name":"ThemeSwitcher","decl":{"start":{"line":6,"column":24},"end":{"line":6,"column":37}},"loc":{"start":{"line":6,"column":40},"end":{"line":24,"column":1}},"line":6},"1":{"name":"(anonymous_1)","decl":{"start":{"line":13,"column":15},"end":{"line":13,"column":16}},"loc":{"start":{"line":13,"column":21},"end":{"line":15,"column":7}},"line":13}},"branchMap":{"0":{"loc":{"start":{"line":20,"column":18},"end":{"line":20,"column":56}},"type":"cond-expr","locations":[{"start":{"line":20,"column":42},"end":{"line":20,"column":47}},{"start":{"line":20,"column":50},"end":{"line":20,"column":56}}],"line":20}},"s":{"0":2,"1":2,"2":2,"3":1},"f":{"0":2,"1":1},"b":{"0":[1,1]},"_coverageSchema":"1a1c01bbd47fc00a2c39e90264f33305004495a9","hash":"f61152a1a2323ee8068e523dbfa989839d3e568e"}
,"E:\\Programming\\Hillel\\Homework_48\\ui\\src\\components\\Todos\\Todo.tsx": {"path":"E:\\Programming\\Hillel\\Homework_48\\ui\\src\\components\\Todos\\Todo.tsx","statementMap":{"0":{"start":{"line":16,"column":16},"end":{"line":16,"column":43}},"1":{"start":{"line":17,"column":19},"end":{"line":17,"column":35}},"2":{"start":{"line":19,"column":2},"end":{"line":21,"column":17}},"3":{"start":{"line":20,"column":4},"end":{"line":20,"column":30}},"4":{"start":{"line":23,"column":14},"end":{"line":26,"column":3}},"5":{"start":{"line":24,"column":20},"end":{"line":24,"column":49}},"6":{"start":{"line":27,"column":17},"end":{"line":30,"column":3}},"7":{"start":{"line":28,"column":34},"end":{"line":28,"column":69}},"8":{"start":{"line":31,"column":14},"end":{"line":34,"column":3}},"9":{"start":{"line":32,"column":34},"end":{"line":32,"column":69}},"10":{"start":{"line":35,"column":2},"end":{"line":35,"column":21}},"11":{"start":{"line":35,"column":14},"end":{"line":35,"column":21}},"12":{"start":{"line":36,"column":2},"end":{"line":49,"column":4}},"13":{"start":{"line":45,"column":10},"end":{"line":45,"column":80}}},"fnMap":{"0":{"name":"Todo","decl":{"start":{"line":15,"column":24},"end":{"line":15,"column":28}},"loc":{"start":{"line":15,"column":31},"end":{"line":50,"column":1}},"line":15},"1":{"name":"(anonymous_1)","decl":{"start":{"line":19,"column":12},"end":{"line":19,"column":13}},"loc":{"start":{"line":19,"column":18},"end":{"line":21,"column":3}},"line":19},"2":{"name":"(anonymous_2)","decl":{"start":{"line":24,"column":4},"end":{"line":24,"column":5}},"loc":{"start":{"line":24,"column":20},"end":{"line":24,"column":49}},"line":24},"3":{"name":"(anonymous_3)","decl":{"start":{"line":28,"column":4},"end":{"line":28,"column":5}},"loc":{"start":{"line":28,"column":34},"end":{"line":28,"column":69}},"line":28},"4":{"name":"(anonymous_4)","decl":{"start":{"line":32,"column":4},"end":{"line":32,"column":5}},"loc":{"start":{"line":32,"column":34},"end":{"line":32,"column":69}},"line":32},"5":{"name":"(anonymous_5)","decl":{"start":{"line":44,"column":19},"end":{"line":44,"column":20}},"loc":{"start":{"line":45,"column":10},"end":{"line":45,"column":80}},"line":45}},"branchMap":{"0":{"loc":{"start":{"line":35,"column":2},"end":{"line":35,"column":21}},"type":"if","locations":[{"start":{"line":35,"column":2},"end":{"line":35,"column":21}},{"start":{},"end":{}}],"line":35},"1":{"loc":{"start":{"line":39,"column":7},"end":{"line":41,"column":7}},"type":"binary-expr","locations":[{"start":{"line":39,"column":7},"end":{"line":39,"column":25}},{"start":{"line":40,"column":8},"end":{"line":40,"column":63}}],"line":39}},"s":{"0":4,"1":4,"2":4,"3":4,"4":4,"5":0,"6":4,"7":0,"8":4,"9":0,"10":4,"11":0,"12":4,"13":4},"f":{"0":4,"1":4,"2":0,"3":0,"4":0,"5":4},"b":{"0":[0,4],"1":[4,2]},"_coverageSchema":"1a1c01bbd47fc00a2c39e90264f33305004495a9","hash":"ff5f81c7735de84d3174003cd6ed9b7ff815bda0"}
,"E:\\Programming\\Hillel\\Homework_48\\ui\\src\\components\\Todos\\TodoAdd\\Schema.ts": {"path":"E:\\Programming\\Hillel\\Homework_48\\ui\\src\\components\\Todos\\TodoAdd\\Schema.ts","statementMap":{"0":{"start":{"line":3,"column":25},"end":{"line":8,"column":2}}},"fnMap":{},"branchMap":{},"s":{"0":3},"f":{},"b":{},"_coverageSchema":"1a1c01bbd47fc00a2c39e90264f33305004495a9","hash":"c04af9c8286a4cfaa14670707c64d6376d7233b1"}
,"E:\\Programming\\Hillel\\Homework_48\\ui\\src\\components\\Todos\\TodoAdd\\TodoAdd.tsx": {"path":"E:\\Programming\\Hillel\\Homework_48\\ui\\src\\components\\Todos\\TodoAdd\\TodoAdd.tsx","statementMap":{"0":{"start":{"line":17,"column":17},"end":{"line":26,"column":4}},"1":{"start":{"line":23,"column":6},"end":{"line":23,"column":33}},"2":{"start":{"line":24,"column":6},"end":{"line":24,"column":18}},"3":{"start":{"line":28,"column":2},"end":{"line":49,"column":4}}},"fnMap":{"0":{"name":"TodoAdd","decl":{"start":{"line":16,"column":9},"end":{"line":16,"column":16}},"loc":{"start":{"line":16,"column":38},"end":{"line":50,"column":1}},"line":16},"1":{"name":"(anonymous_1)","decl":{"start":{"line":22,"column":4},"end":{"line":22,"column":5}},"loc":{"start":{"line":22,"column":42},"end":{"line":25,"column":5}},"line":22}},"branchMap":{"0":{"loc":{"start":{"line":44,"column":18},"end":{"line":44,"column":50}},"type":"binary-expr","locations":[{"start":{"line":44,"column":18},"end":{"line":44,"column":33}},{"start":{"line":44,"column":37},"end":{"line":44,"column":50}}],"line":44}},"s":{"0":25,"1":2,"2":2,"3":25},"f":{"0":25,"1":2},"b":{"0":[25,23]},"_coverageSchema":"1a1c01bbd47fc00a2c39e90264f33305004495a9","hash":"1b7213095508418527b58ccb61a731d15998dd8c"}
,"E:\\Programming\\Hillel\\Homework_48\\ui\\src\\components\\Todos\\TodoItem\\Schema.ts": {"path":"E:\\Programming\\Hillel\\Homework_48\\ui\\src\\components\\Todos\\TodoItem\\Schema.ts","statementMap":{"0":{"start":{"line":3,"column":30},"end":{"line":9,"column":2}}},"fnMap":{},"branchMap":{},"s":{"0":3},"f":{},"b":{},"_coverageSchema":"1a1c01bbd47fc00a2c39e90264f33305004495a9","hash":"bf2f90a76aa6db1756d85295b3c98e0709cbb335"}
,"E:\\Programming\\Hillel\\Homework_48\\ui\\src\\components\\Todos\\TodoItem\\TodoItem.tsx": {"path":"E:\\Programming\\Hillel\\Homework_48\\ui\\src\\components\\Todos\\TodoItem\\TodoItem.tsx","statementMap":{"0":{"start":{"line":21,"column":17},"end":{"line":105,"column":1}},"1":{"start":{"line":23,"column":19},"end":{"line":40,"column":6}},"2":{"start":{"line":33,"column":8},"end":{"line":37,"column":11}},"3":{"start":{"line":38,"column":8},"end":{"line":38,"column":38}},"4":{"start":{"line":42,"column":4},"end":{"line":44,"column":34}},"5":{"start":{"line":43,"column":6},"end":{"line":43,"column":60}},"6":{"start":{"line":46,"column":4},"end":{"line":103,"column":6}},"7":{"start":{"line":88,"column":29},"end":{"line":88,"column":55}},"8":{"start":{"line":97,"column":27},"end":{"line":97,"column":40}}},"fnMap":{"0":{"name":"(anonymous_0)","decl":{"start":{"line":22,"column":2},"end":{"line":22,"column":3}},"loc":{"start":{"line":22,"column":64},"end":{"line":104,"column":3}},"line":22},"1":{"name":"(anonymous_1)","decl":{"start":{"line":32,"column":6},"end":{"line":32,"column":7}},"loc":{"start":{"line":32,"column":33},"end":{"line":39,"column":7}},"line":32},"2":{"name":"(anonymous_2)","decl":{"start":{"line":42,"column":22},"end":{"line":42,"column":23}},"loc":{"start":{"line":42,"column":28},"end":{"line":44,"column":5}},"line":42},"3":{"name":"(anonymous_3)","decl":{"start":{"line":88,"column":23},"end":{"line":88,"column":24}},"loc":{"start":{"line":88,"column":29},"end":{"line":88,"column":55}},"line":88},"4":{"name":"(anonymous_4)","decl":{"start":{"line":97,"column":21},"end":{"line":97,"column":22}},"loc":{"start":{"line":97,"column":27},"end":{"line":97,"column":40}},"line":97}},"branchMap":{"0":{"loc":{"start":{"line":50,"column":9},"end":{"line":60,"column":9}},"type":"cond-expr","locations":[{"start":{"line":51,"column":10},"end":{"line":57,"column":12}},{"start":{"line":59,"column":10},"end":{"line":59,"column":42}}],"line":50},"1":{"loc":{"start":{"line":69,"column":17},"end":{"line":69,"column":68}},"type":"cond-expr","locations":[{"start":{"line":69,"column":43},"end":{"line":69,"column":53}},{"start":{"line":69,"column":56},"end":{"line":69,"column":68}}],"line":69},"2":{"loc":{"start":{"line":73,"column":11},"end":{"line":92,"column":11}},"type":"cond-expr","locations":[{"start":{"line":74,"column":12},"end":{"line":82,"column":21}},{"start":{"line":84,"column":12},"end":{"line":91,"column":21}}],"line":73}},"s":{"0":3,"1":18,"2":2,"3":2,"4":18,"5":1,"6":18,"7":3,"8":0},"f":{"0":18,"1":2,"2":1,"3":3,"4":0},"b":{"0":[6,12],"1":[1,17],"2":[6,12]},"_coverageSchema":"1a1c01bbd47fc00a2c39e90264f33305004495a9","hash":"725656c13c2248e4d7b302329962a2c7a9760d49"}
,"E:\\Programming\\Hillel\\Homework_48\\ui\\src\\components\\ui\\Button\\Button.tsx": {"path":"E:\\Programming\\Hillel\\Homework_48\\ui\\src\\components\\ui\\Button\\Button.tsx","statementMap":{"0":{"start":{"line":10,"column":15},"end":{"line":25,"column":1}},"1":{"start":{"line":16,"column":13},"end":{"line":18,"column":4}},"2":{"start":{"line":20,"column":2},"end":{"line":24,"column":4}}},"fnMap":{"0":{"name":"(anonymous_0)","decl":{"start":{"line":10,"column":15},"end":{"line":10,"column":16}},"loc":{"start":{"line":15,"column":34},"end":{"line":25,"column":1}},"line":15}},"branchMap":{},"s":{"0":4,"1":61,"2":61},"f":{"0":61},"b":{},"_coverageSchema":"1a1c01bbd47fc00a2c39e90264f33305004495a9","hash":"3e5955b805b6f49d1776d7607e05fb31b1ba3cda"}
,"E:\\Programming\\Hillel\\Homework_48\\ui\\src\\components\\ui\\Checkbox\\Checkbox.tsx": {"path":"E:\\Programming\\Hillel\\Homework_48\\ui\\src\\components\\ui\\Checkbox\\Checkbox.tsx","statementMap":{"0":{"start":{"line":11,"column":17},"end":{"line":18,"column":1}},"1":{"start":{"line":12,"column":2},"end":{"line":17,"column":4}}},"fnMap":{"0":{"name":"(anonymous_0)","decl":{"start":{"line":11,"column":17},"end":{"line":11,"column":18}},"loc":{"start":{"line":11,"column":77},"end":{"line":18,"column":1}},"line":11}},"branchMap":{"0":{"loc":{"start":{"line":15,"column":7},"end":{"line":15,"column":51}},"type":"binary-expr","locations":[{"start":{"line":15,"column":7},"end":{"line":15,"column":12}},{"start":{"line":15,"column":16},"end":{"line":15,"column":51}}],"line":15}},"s":{"0":3,"1":18},"f":{"0":18},"b":{"0":[18,18]},"_coverageSchema":"1a1c01bbd47fc00a2c39e90264f33305004495a9","hash":"9861999cf600c0f67e23f318a593af9a6d1c97db"}
,"E:\\Programming\\Hillel\\Homework_48\\ui\\src\\components\\ui\\Container\\Container.tsx": {"path":"E:\\Programming\\Hillel\\Homework_48\\ui\\src\\components\\ui\\Container\\Container.tsx","statementMap":{"0":{"start":{"line":9,"column":2},"end":{"line":11,"column":4}}},"fnMap":{"0":{"name":"Container","decl":{"start":{"line":5,"column":24},"end":{"line":5,"column":33}},"loc":{"start":{"line":8,"column":46},"end":{"line":12,"column":1}},"line":8}},"branchMap":{},"s":{"0":1},"f":{"0":1},"b":{},"_coverageSchema":"1a1c01bbd47fc00a2c39e90264f33305004495a9","hash":"0a03dc9ff8ed508c2c4e9537dadec79a5bdec104"}
,"E:\\Programming\\Hillel\\Homework_48\\ui\\src\\components\\ui\\Icons\\BaseIcon.tsx": {"path":"E:\\Programming\\Hillel\\Homework_48\\ui\\src\\components\\ui\\Icons\\BaseIcon.tsx","statementMap":{"0":{"start":{"line":8,"column":38},"end":{"line":11,"column":1}},"1":{"start":{"line":24,"column":2},"end":{"line":37,"column":4}}},"fnMap":{"0":{"name":"BaseIcon","decl":{"start":{"line":13,"column":24},"end":{"line":13,"column":32}},"loc":{"start":{"line":23,"column":3},"end":{"line":38,"column":1}},"line":23}},"branchMap":{},"s":{"0":1,"1":2},"f":{"0":2},"b":{},"_coverageSchema":"1a1c01bbd47fc00a2c39e90264f33305004495a9","hash":"54a0afb27a36fea8df609726223e589979629f01"}
,"E:\\Programming\\Hillel\\Homework_48\\ui\\src\\components\\ui\\Input\\Input.tsx": {"path":"E:\\Programming\\Hillel\\Homework_48\\ui\\src\\components\\ui\\Input\\Input.tsx","statementMap":{"0":{"start":{"line":15,"column":14},"end":{"line":51,"column":1}},"1":{"start":{"line":26,"column":4},"end":{"line":49,"column":6}}},"fnMap":{"0":{"name":"(anonymous_0)","decl":{"start":{"line":16,"column":2},"end":{"line":16,"column":3}},"loc":{"start":{"line":25,"column":16},"end":{"line":50,"column":3}},"line":25}},"branchMap":{"0":{"loc":{"start":{"line":32,"column":9},"end":{"line":32,"column":55}},"type":"binary-expr","locations":[{"start":{"line":32,"column":9},"end":{"line":32,"column":14}},{"start":{"line":32,"column":18},"end":{"line":32,"column":55}}],"line":32},"1":{"loc":{"start":{"line":43,"column":9},"end":{"line":47,"column":9}},"type":"binary-expr","locations":[{"start":{"line":43,"column":9},"end":{"line":43,"column":14}},{"start":{"line":44,"column":10},"end":{"line":46,"column":14}}],"line":43}},"s":{"0":4,"1":23},"f":{"0":23},"b":{"0":[23,19],"1":[23,2]},"_coverageSchema":"1a1c01bbd47fc00a2c39e90264f33305004495a9","hash":"f017b4edc31dd783c5e663ee2fea536369890d40"}
,"E:\\Programming\\Hillel\\Homework_48\\ui\\src\\components\\ui\\PageHead\\PageHead.tsx": {"path":"E:\\Programming\\Hillel\\Homework_48\\ui\\src\\components\\ui\\PageHead\\PageHead.tsx","statementMap":{"0":{"start":{"line":9,"column":2},"end":{"line":9,"column":77}}},"fnMap":{"0":{"name":"PageHead","decl":{"start":{"line":5,"column":9},"end":{"line":5,"column":17}},"loc":{"start":{"line":8,"column":46},"end":{"line":10,"column":1}},"line":8}},"branchMap":{},"s":{"0":1},"f":{"0":1},"b":{},"_coverageSchema":"1a1c01bbd47fc00a2c39e90264f33305004495a9","hash":"0de1230134765fe782c60e8ba523b58d2edb38be"}
,"E:\\Programming\\Hillel\\Homework_48\\ui\\src\\contexts\\ThemeContext.tsx": {"path":"E:\\Programming\\Hillel\\Homework_48\\ui\\src\\contexts\\ThemeContext.tsx","statementMap":{"0":{"start":{"line":5,"column":28},"end":{"line":5,"column":63}},"1":{"start":{"line":6,"column":36},"end":{"line":6,"column":59}},"2":{"start":{"line":8,"column":22},"end":{"line":18,"column":1}},"3":{"start":{"line":9,"column":31},"end":{"line":9,"column":41}},"4":{"start":{"line":11,"column":2},"end":{"line":17,"column":4}}},"fnMap":{"0":{"name":"(anonymous_0)","decl":{"start":{"line":6,"column":50},"end":{"line":6,"column":51}},"loc":{"start":{"line":6,"column":56},"end":{"line":6,"column":58}},"line":6},"1":{"name":"(anonymous_1)","decl":{"start":{"line":8,"column":22},"end":{"line":8,"column":23}},"loc":{"start":{"line":8,"column":59},"end":{"line":18,"column":1}},"line":8}},"branchMap":{},"s":{"0":1,"1":1,"2":1,"3":2,"4":2},"f":{"0":0,"1":2},"b":{},"_coverageSchema":"1a1c01bbd47fc00a2c39e90264f33305004495a9","hash":"bf75c5b7aa081eaf81a90f40400642c66472276f"}
,"E:\\Programming\\Hillel\\Homework_48\\ui\\src\\hooks\\useDidMount.tsx": {"path":"E:\\Programming\\Hillel\\Homework_48\\ui\\src\\hooks\\useDidMount.tsx","statementMap":{"0":{"start":{"line":8,"column":33},"end":{"line":19,"column":1}},"1":{"start":{"line":12,"column":19},"end":{"line":12,"column":41}},"2":{"start":{"line":14,"column":2},"end":{"line":18,"column":11}},"3":{"start":{"line":15,"column":4},"end":{"line":15,"column":26}},"4":{"start":{"line":16,"column":4},"end":{"line":17,"column":33}},"5":{"start":{"line":16,"column":26},"end":{"line":16,"column":33}},"6":{"start":{"line":17,"column":9},"end":{"line":17,"column":33}}},"fnMap":{"0":{"name":"(anonymous_0)","decl":{"start":{"line":8,"column":33},"end":{"line":8,"column":34}},"loc":{"start":{"line":11,"column":5},"end":{"line":19,"column":1}},"line":11},"1":{"name":"(anonymous_1)","decl":{"start":{"line":14,"column":12},"end":{"line":14,"column":13}},"loc":{"start":{"line":14,"column":18},"end":{"line":18,"column":3}},"line":14}},"branchMap":{"0":{"loc":{"start":{"line":16,"column":4},"end":{"line":17,"column":33}},"type":"if","locations":[{"start":{"line":16,"column":4},"end":{"line":17,"column":33}},{"start":{"line":17,"column":9},"end":{"line":17,"column":33}}],"line":16}},"s":{"0":3,"1":18,"2":18,"3":10,"4":10,"5":1,"6":9},"f":{"0":18,"1":10},"b":{"0":[1,9]},"_coverageSchema":"1a1c01bbd47fc00a2c39e90264f33305004495a9","hash":"c1f86b80e6fd0b92269f76a98cc810b3aae06c3d"}
,"E:\\Programming\\Hillel\\Homework_48\\ui\\src\\hooks\\useTheme.tsx": {"path":"E:\\Programming\\Hillel\\Homework_48\\ui\\src\\hooks\\useTheme.tsx","statementMap":{"0":{"start":{"line":6,"column":24},"end":{"line":21,"column":1}},"1":{"start":{"line":7,"column":28},"end":{"line":7,"column":75}},"2":{"start":{"line":9,"column":22},"end":{"line":11,"column":3}},"3":{"start":{"line":10,"column":4},"end":{"line":10,"column":77}},"4":{"start":{"line":10,"column":23},"end":{"line":10,"column":74}},"5":{"start":{"line":12,"column":2},"end":{"line":14,"column":14}},"6":{"start":{"line":13,"column":4},"end":{"line":13,"column":63}},"7":{"start":{"line":16,"column":2},"end":{"line":18,"column":14}},"8":{"start":{"line":17,"column":4},"end":{"line":17,"column":57}},"9":{"start":{"line":20,"column":2},"end":{"line":20,"column":30}},"10":{"start":{"line":23,"column":29},"end":{"line":25,"column":1}},"11":{"start":{"line":24,"column":2},"end":{"line":24,"column":34}},"12":{"start":{"line":26,"column":32},"end":{"line":28,"column":1}},"13":{"start":{"line":27,"column":2},"end":{"line":27,"column":42}}},"fnMap":{"0":{"name":"(anonymous_0)","decl":{"start":{"line":6,"column":24},"end":{"line":6,"column":25}},"loc":{"start":{"line":6,"column":60},"end":{"line":21,"column":1}},"line":6},"1":{"name":"(anonymous_1)","decl":{"start":{"line":9,"column":22},"end":{"line":9,"column":23}},"loc":{"start":{"line":9,"column":28},"end":{"line":11,"column":3}},"line":9},"2":{"name":"(anonymous_2)","decl":{"start":{"line":10,"column":13},"end":{"line":10,"column":14}},"loc":{"start":{"line":10,"column":23},"end":{"line":10,"column":74}},"line":10},"3":{"name":"(anonymous_3)","decl":{"start":{"line":12,"column":18},"end":{"line":12,"column":19}},"loc":{"start":{"line":12,"column":24},"end":{"line":14,"column":3}},"line":12},"4":{"name":"(anonymous_4)","decl":{"start":{"line":16,"column":12},"end":{"line":16,"column":13}},"loc":{"start":{"line":16,"column":18},"end":{"line":18,"column":3}},"line":16},"5":{"name":"(anonymous_5)","decl":{"start":{"line":23,"column":29},"end":{"line":23,"column":30}},"loc":{"start":{"line":23,"column":35},"end":{"line":25,"column":1}},"line":23},"6":{"name":"(anonymous_6)","decl":{"start":{"line":26,"column":32},"end":{"line":26,"column":33}},"loc":{"start":{"line":26,"column":38},"end":{"line":28,"column":1}},"line":26}},"branchMap":{"0":{"loc":{"start":{"line":10,"column":23},"end":{"line":10,"column":74}},"type":"cond-expr","locations":[{"start":{"line":10,"column":48},"end":{"line":10,"column":59}},{"start":{"line":10,"column":62},"end":{"line":10,"column":74}}],"line":10}},"s":{"0":1,"1":6,"2":6,"3":2,"4":2,"5":6,"6":6,"7":6,"8":6,"9":6,"10":1,"11":2,"12":1,"13":2},"f":{"0":6,"1":2,"2":2,"3":6,"4":6,"5":2,"6":2},"b":{"0":[1,1]},"_coverageSchema":"1a1c01bbd47fc00a2c39e90264f33305004495a9","hash":"128267c2a64068330fa971f7d74794de07cf4a91"}
,"E:\\Programming\\Hillel\\Homework_48\\ui\\src\\misc\\helpers.ts": {"path":"E:\\Programming\\Hillel\\Homework_48\\ui\\src\\misc\\helpers.ts","statementMap":{"0":{"start":{"line":10,"column":2},"end":{"line":13,"column":3}},"1":{"start":{"line":11,"column":2},"end":{"line":13,"column":3}},"2":{"start":{"line":12,"column":4},"end":{"line":12,"column":57}},"3":{"start":{"line":16,"column":21},"end":{"line":16,"column":77}},"4":{"start":{"line":17,"column":2},"end":{"line":17,"column":33}},"5":{"start":{"line":20,"column":24},"end":{"line":22,"column":1}},"6":{"start":{"line":21,"column":2},"end":{"line":21,"column":29}},"7":{"start":{"line":24,"column":34},"end":{"line":28,"column":1}},"8":{"start":{"line":25,"column":16},"end":{"line":25,"column":45}},"9":{"start":{"line":26,"column":2},"end":{"line":26,"column":38}},"10":{"start":{"line":26,"column":13},"end":{"line":26,"column":38}},"11":{"start":{"line":27,"column":2},"end":{"line":27,"column":12}},"12":{"start":{"line":30,"column":31},"end":{"line":34,"column":1}},"13":{"start":{"line":31,"column":16},"end":{"line":31,"column":45}},"14":{"start":{"line":32,"column":2},"end":{"line":32,"column":38}},"15":{"start":{"line":32,"column":13},"end":{"line":32,"column":38}},"16":{"start":{"line":33,"column":2},"end":{"line":33,"column":22}}},"fnMap":{"0":{"name":"(anonymous_0)","decl":{"start":{"line":10,"column":2},"end":{"line":10,"column":3}},"loc":{"start":{"line":11,"column":2},"end":{"line":13,"column":3}},"line":11},"1":{"name":"(anonymous_1)","decl":{"start":{"line":11,"column":2},"end":{"line":11,"column":3}},"loc":{"start":{"line":11,"column":67},"end":{"line":13,"column":3}},"line":11},"2":{"name":"uuid","decl":{"start":{"line":15,"column":16},"end":{"line":15,"column":20}},"loc":{"start":{"line":15,"column":31},"end":{"line":18,"column":1}},"line":15},"3":{"name":"(anonymous_3)","decl":{"start":{"line":20,"column":24},"end":{"line":20,"column":25}},"loc":{"start":{"line":20,"column":50},"end":{"line":22,"column":1}},"line":20},"4":{"name":"(anonymous_4)","decl":{"start":{"line":24,"column":34},"end":{"line":24,"column":35}},"loc":{"start":{"line":24,"column":53},"end":{"line":28,"column":1}},"line":24},"5":{"name":"(anonymous_5)","decl":{"start":{"line":30,"column":31},"end":{"line":30,"column":32}},"loc":{"start":{"line":30,"column":57},"end":{"line":34,"column":1}},"line":30}},"branchMap":{"0":{"loc":{"start":{"line":12,"column":11},"end":{"line":12,"column":56}},"type":"binary-expr","locations":[{"start":{"line":12,"column":11},"end":{"line":12,"column":47}},{"start":{"line":12,"column":51},"end":{"line":12,"column":56}}],"line":12},"1":{"loc":{"start":{"line":26,"column":2},"end":{"line":26,"column":38}},"type":"if","locations":[{"start":{"line":26,"column":2},"end":{"line":26,"column":38}},{"start":{},"end":{}}],"line":26},"2":{"loc":{"start":{"line":32,"column":2},"end":{"line":32,"column":38}},"type":"if","locations":[{"start":{"line":32,"column":2},"end":{"line":32,"column":38}},{"start":{},"end":{}}],"line":32}},"s":{"0":2,"1":0,"2":0,"3":2,"4":2,"5":2,"6":3,"7":2,"8":2,"9":2,"10":1,"11":1,"12":2,"13":3,"14":3,"15":3,"16":0},"f":{"0":0,"1":0,"2":2,"3":3,"4":2,"5":3},"b":{"0":[0,0],"1":[1,1],"2":[3,0]},"_coverageSchema":"1a1c01bbd47fc00a2c39e90264f33305004495a9","hash":"96713e6022536adcc86fa86c81dd9dc0d262b28a"}
,"E:\\Programming\\Hillel\\Homework_48\\ui\\src\\pages\\Home\\Home.tsx": {"path":"E:\\Programming\\Hillel\\Homework_48\\ui\\src\\pages\\Home\\Home.tsx","statementMap":{"0":{"start":{"line":5,"column":18},"end":{"line":12,"column":1}},"1":{"start":{"line":6,"column":2},"end":{"line":11,"column":4}}},"fnMap":{"0":{"name":"(anonymous_0)","decl":{"start":{"line":5,"column":18},"end":{"line":5,"column":19}},"loc":{"start":{"line":5,"column":24},"end":{"line":12,"column":1}},"line":5}},"branchMap":{},"s":{"0":1,"1":1},"f":{"0":1},"b":{},"_coverageSchema":"1a1c01bbd47fc00a2c39e90264f33305004495a9","hash":"33c61fc484ba11bad6e311253e021f1336969538"}
,"E:\\Programming\\Hillel\\Homework_48\\ui\\src\\redux\\hooks.ts": {"path":"E:\\Programming\\Hillel\\Homework_48\\ui\\src\\redux\\hooks.ts","statementMap":{"0":{"start":{"line":5,"column":30},"end":{"line":5,"column":66}},"1":{"start":{"line":6,"column":30},"end":{"line":6,"column":64}}},"fnMap":{},"branchMap":{},"s":{"0":2,"1":2},"f":{},"b":{},"_coverageSchema":"1a1c01bbd47fc00a2c39e90264f33305004495a9","hash":"b6b15cff0863dac0a0669bd65175c762b2ae2987"}
,"E:\\Programming\\Hillel\\Homework_48\\ui\\src\\redux\\sagas\\rootSaga.ts": {"path":"E:\\Programming\\Hillel\\Homework_48\\ui\\src\\redux\\sagas\\rootSaga.ts","statementMap":{"0":{"start":{"line":5,"column":2},"end":{"line":10,"column":5}}},"fnMap":{"0":{"name":"rootSaga","decl":{"start":{"line":4,"column":10},"end":{"line":4,"column":18}},"loc":{"start":{"line":4,"column":21},"end":{"line":11,"column":1}},"line":4}},"branchMap":{},"s":{"0":4},"f":{"0":4},"b":{},"_coverageSchema":"1a1c01bbd47fc00a2c39e90264f33305004495a9","hash":"a5421ebc02c3ccc174000751ccf35390e65ddaef"}
,"E:\\Programming\\Hillel\\Homework_48\\ui\\src\\redux\\sagas\\todos.ts": {"path":"E:\\Programming\\Hillel\\Homework_48\\ui\\src\\redux\\sagas\\todos.ts","statementMap":{"0":{"start":{"line":15,"column":2},"end":{"line":27,"column":3}},"1":{"start":{"line":16,"column":4},"end":{"line":16,"column":32}},"2":{"start":{"line":17,"column":4},"end":{"line":17,"column":29}},"3":{"start":{"line":18,"column":18},"end":{"line":18,"column":47}},"4":{"start":{"line":20,"column":4},"end":{"line":20,"column":34}},"5":{"start":{"line":22,"column":4},"end":{"line":24,"column":34}},"6":{"start":{"line":23,"column":6},"end":{"line":23,"column":28}},"7":{"start":{"line":24,"column":11},"end":{"line":24,"column":34}},"8":{"start":{"line":26,"column":4},"end":{"line":26,"column":33}},"9":{"start":{"line":33,"column":2},"end":{"line":45,"column":3}},"10":{"start":{"line":34,"column":4},"end":{"line":34,"column":32}},"11":{"start":{"line":35,"column":4},"end":{"line":35,"column":29}},"12":{"start":{"line":36,"column":18},"end":{"line":36,"column":65}},"13":{"start":{"line":38,"column":4},"end":{"line":38,"column":31}},"14":{"start":{"line":40,"column":4},"end":{"line":42,"column":34}},"15":{"start":{"line":41,"column":6},"end":{"line":41,"column":28}},"16":{"start":{"line":42,"column":11},"end":{"line":42,"column":34}},"17":{"start":{"line":44,"column":4},"end":{"line":44,"column":33}},"18":{"start":{"line":51,"column":2},"end":{"line":63,"column":3}},"19":{"start":{"line":52,"column":4},"end":{"line":52,"column":32}},"20":{"start":{"line":53,"column":4},"end":{"line":53,"column":29}},"21":{"start":{"line":54,"column":18},"end":{"line":54,"column":65}},"22":{"start":{"line":56,"column":4},"end":{"line":56,"column":34}},"23":{"start":{"line":58,"column":4},"end":{"line":60,"column":34}},"24":{"start":{"line":59,"column":6},"end":{"line":59,"column":28}},"25":{"start":{"line":60,"column":11},"end":{"line":60,"column":34}},"26":{"start":{"line":62,"column":4},"end":{"line":62,"column":33}},"27":{"start":{"line":69,"column":2},"end":{"line":80,"column":3}},"28":{"start":{"line":70,"column":4},"end":{"line":70,"column":32}},"29":{"start":{"line":71,"column":4},"end":{"line":71,"column":29}},"30":{"start":{"line":72,"column":21},"end":{"line":72,"column":68}},"31":{"start":{"line":73,"column":4},"end":{"line":73,"column":37}},"32":{"start":{"line":75,"column":4},"end":{"line":77,"column":34}},"33":{"start":{"line":76,"column":6},"end":{"line":76,"column":28}},"34":{"start":{"line":77,"column":11},"end":{"line":77,"column":34}},"35":{"start":{"line":79,"column":4},"end":{"line":79,"column":33}}},"fnMap":{"0":{"name":"getAllTodos","decl":{"start":{"line":14,"column":17},"end":{"line":14,"column":28}},"loc":{"start":{"line":14,"column":54},"end":{"line":28,"column":1}},"line":14},"1":{"name":"createTodo","decl":{"start":{"line":30,"column":17},"end":{"line":30,"column":27}},"loc":{"start":{"line":32,"column":23},"end":{"line":46,"column":1}},"line":32},"2":{"name":"updateTodo","decl":{"start":{"line":48,"column":17},"end":{"line":48,"column":27}},"loc":{"start":{"line":50,"column":32},"end":{"line":64,"column":1}},"line":50},"3":{"name":"deleteTodo","decl":{"start":{"line":66,"column":17},"end":{"line":66,"column":27}},"loc":{"start":{"line":68,"column":23},"end":{"line":81,"column":1}},"line":68}},"branchMap":{"0":{"loc":{"start":{"line":22,"column":4},"end":{"line":24,"column":34}},"type":"if","locations":[{"start":{"line":22,"column":4},"end":{"line":24,"column":34}},{"start":{"line":24,"column":11},"end":{"line":24,"column":34}}],"line":22},"1":{"loc":{"start":{"line":40,"column":4},"end":{"line":42,"column":34}},"type":"if","locations":[{"start":{"line":40,"column":4},"end":{"line":42,"column":34}},{"start":{"line":42,"column":11},"end":{"line":42,"column":34}}],"line":40},"2":{"loc":{"start":{"line":58,"column":4},"end":{"line":60,"column":34}},"type":"if","locations":[{"start":{"line":58,"column":4},"end":{"line":60,"column":34}},{"start":{"line":60,"column":11},"end":{"line":60,"column":34}}],"line":58},"3":{"loc":{"start":{"line":75,"column":4},"end":{"line":77,"column":34}},"type":"if","locations":[{"start":{"line":75,"column":4},"end":{"line":77,"column":34}},{"start":{"line":77,"column":11},"end":{"line":77,"column":34}}],"line":75}},"s":{"0":6,"1":6,"2":6,"3":6,"4":1,"5":1,"6":1,"7":0,"8":2,"9":0,"10":0,"11":0,"12":0,"13":0,"14":0,"15":0,"16":0,"17":0,"18":0,"19":0,"20":0,"21":0,"22":0,"23":0,"24":0,"25":0,"26":0,"27":0,"28":0,"29":0,"30":0,"31":0,"32":0,"33":0,"34":0,"35":0},"f":{"0":6,"1":0,"2":0,"3":0},"b":{"0":[1,0],"1":[0,0],"2":[0,0],"3":[0,0]},"_coverageSchema":"1a1c01bbd47fc00a2c39e90264f33305004495a9","hash":"2b7bcb1768b374f4e4b3998058e77ea77ecc7685"}
,"E:\\Programming\\Hillel\\Homework_48\\ui\\src\\redux\\slices\\todoSlice.ts": {"path":"E:\\Programming\\Hillel\\Homework_48\\ui\\src\\redux\\slices\\todoSlice.ts","statementMap":{"0":{"start":{"line":9,"column":28},"end":{"line":14,"column":1}},"1":{"start":{"line":16,"column":26},"end":{"line":48,"column":2}},"2":{"start":{"line":20,"column":26},"end":{"line":20,"column":37}},"3":{"start":{"line":24,"column":6},"end":{"line":24,"column":28}},"4":{"start":{"line":27,"column":6},"end":{"line":27,"column":32}},"5":{"start":{"line":30,"column":6},"end":{"line":30,"column":34}},"6":{"start":{"line":31,"column":23},"end":{"line":31,"column":75}},"7":{"start":{"line":31,"column":50},"end":{"line":31,"column":74}},"8":{"start":{"line":32,"column":6},"end":{"line":32,"column":29}},"9":{"start":{"line":35,"column":6},"end":{"line":39,"column":9}},"10":{"start":{"line":36,"column":8},"end":{"line":38,"column":9}},"11":{"start":{"line":37,"column":10},"end":{"line":37,"column":39}},"12":{"start":{"line":42,"column":6},"end":{"line":42,"column":30}},"13":{"start":{"line":45,"column":6},"end":{"line":45,"column":28}},"14":{"start":{"line":50,"column":29},"end":{"line":50,"column":64}},"15":{"start":{"line":51,"column":31},"end":{"line":51,"column":76}},"16":{"start":{"line":52,"column":35},"end":{"line":54,"column":1}},"17":{"start":{"line":55,"column":35},"end":{"line":57,"column":1}},"18":{"start":{"line":60,"column":2},"end":{"line":60,"column":20}},"19":{"start":{"line":62,"column":31},"end":{"line":62,"column":51}}},"fnMap":{"0":{"name":"(anonymous_0)","decl":{"start":{"line":20,"column":17},"end":{"line":20,"column":18}},"loc":{"start":{"line":20,"column":26},"end":{"line":20,"column":37}},"line":20},"1":{"name":"(anonymous_1)","decl":{"start":{"line":23,"column":12},"end":{"line":23,"column":13}},"loc":{"start":{"line":23,"column":64},"end":{"line":25,"column":5}},"line":23},"2":{"name":"(anonymous_2)","decl":{"start":{"line":26,"column":9},"end":{"line":26,"column":10}},"loc":{"start":{"line":26,"column":59},"end":{"line":28,"column":5}},"line":26},"3":{"name":"(anonymous_3)","decl":{"start":{"line":29,"column":12},"end":{"line":29,"column":13}},"loc":{"start":{"line":29,"column":62},"end":{"line":33,"column":5}},"line":29},"4":{"name":"(anonymous_4)","decl":{"start":{"line":31,"column":42},"end":{"line":31,"column":43}},"loc":{"start":{"line":31,"column":50},"end":{"line":31,"column":74}},"line":31},"5":{"name":"(anonymous_5)","decl":{"start":{"line":34,"column":12},"end":{"line":34,"column":13}},"loc":{"start":{"line":34,"column":71},"end":{"line":40,"column":5}},"line":34},"6":{"name":"(anonymous_6)","decl":{"start":{"line":35,"column":26},"end":{"line":35,"column":27}},"loc":{"start":{"line":35,"column":34},"end":{"line":39,"column":7}},"line":35},"7":{"name":"(anonymous_7)","decl":{"start":{"line":41,"column":16},"end":{"line":41,"column":17}},"loc":{"start":{"line":41,"column":64},"end":{"line":43,"column":5}},"line":41},"8":{"name":"(anonymous_8)","decl":{"start":{"line":44,"column":13},"end":{"line":44,"column":14}},"loc":{"start":{"line":44,"column":66},"end":{"line":46,"column":5}},"line":44}},"branchMap":{"0":{"loc":{"start":{"line":36,"column":8},"end":{"line":38,"column":9}},"type":"if","locations":[{"start":{"line":36,"column":8},"end":{"line":38,"column":9}},{"start":{},"end":{}}],"line":36}},"s":{"0":4,"1":4,"2":8,"3":0,"4":0,"5":0,"6":0,"7":0,"8":0,"9":0,"10":0,"11":0,"12":0,"13":0,"14":4,"15":4,"16":4,"17":4,"18":4,"19":4},"f":{"0":8,"1":0,"2":0,"3":0,"4":0,"5":0,"6":0,"7":0,"8":0},"b":{"0":[0,0]},"_coverageSchema":"1a1c01bbd47fc00a2c39e90264f33305004495a9","hash":"d06ba74fec3a5da2d3588a7ab931edfa07df3c50"}
}
