TN:
SF:src\components\Todos\TodoAdd\Schema.ts
FNF:0
FNH:0
DA:3,1
LF:1
LH:1
BRF:0
BRH:0
end_of_record
TN:
SF:src\components\Todos\TodoAdd\TodoAdd.tsx
FN:16,TodoAdd
FN:22,(anonymous_1)
FNF:2
FNH:2
FNDA:16,TodoAdd
FNDA:1,(anonymous_1)
DA:17,16
DA:23,1
DA:24,1
DA:28,16
LF:4
LH:4
BRDA:44,0,0,16
BRDA:44,0,1,14
BRF:2
BRH:2
end_of_record
TN:
SF:src\components\ui\Button\Button.tsx
FN:10,(anonymous_0)
FNF:1
FNH:1
FNDA:16,(anonymous_0)
DA:10,1
DA:16,16
DA:20,16
LF:3
LH:3
BRF:0
BRH:0
end_of_record
TN:
SF:src\components\ui\Input\Input.tsx
FN:16,(anonymous_0)
FNF:1
FNH:1
FNDA:12,(anonymous_0)
DA:15,1
DA:26,12
LF:2
LH:2
BRDA:32,0,0,12
BRDA:32,0,1,12
BRDA:44,1,0,12
BRDA:44,1,1,2
BRF:4
BRH:4
end_of_record
