TN:
SF:public\moon.svg
FNF:0
FNH:0
DA:1,1
LF:1
LH:1
BRF:0
BRH:0
end_of_record
TN:
SF:public\sun.svg
FNF:0
FNH:0
DA:1,1
LF:1
LH:1
BRF:0
BRH:0
end_of_record
TN:
SF:src\types.ts
FNF:0
FNH:0
LF:0
LH:0
BRF:0
BRH:0
end_of_record
TN:
SF:src\api\index.ts
FN:6,(anonymous_0)
FN:10,(anonymous_1)
FN:11,(anonymous_2)
FN:13,(anonymous_3)
FN:15,(anonymous_4)
FNF:5
FNH:3
FNDA:9,(anonymous_0)
FNDA:6,(anonymous_1)
FNDA:2,(anonymous_2)
FNDA:0,(anonymous_3)
FNDA:0,(anonymous_4)
DA:7,9
DA:10,9
DA:11,9
DA:12,2
DA:13,9
DA:14,0
DA:15,9
DA:18,5
LF:8
LH:7
BRF:0
BRH:0
end_of_record
TN:
SF:src\components\Header\ThemeSwitcher\ThemeSwitcher.tsx
FN:6,ThemeSwitcher
FN:13,(anonymous_1)
FNF:2
FNH:2
FNDA:2,ThemeSwitcher
FNDA:1,(anonymous_1)
DA:7,2
DA:8,2
DA:9,2
DA:14,1
LF:4
LH:4
BRDA:20,0,0,1
BRDA:20,0,1,1
BRF:2
BRH:2
end_of_record
TN:
SF:src\components\Todos\Todo.tsx
FN:15,Todo
FN:19,(anonymous_1)
FN:24,(anonymous_2)
FN:28,(anonymous_3)
FN:32,(anonymous_4)
FN:44,(anonymous_5)
FNF:6
FNH:3
FNDA:4,Todo
FNDA:4,(anonymous_1)
FNDA:0,(anonymous_2)
FNDA:0,(anonymous_3)
FNDA:0,(anonymous_4)
FNDA:4,(anonymous_5)
DA:16,4
DA:17,4
DA:19,4
DA:20,4
DA:23,4
DA:24,0
DA:27,4
DA:28,0
DA:31,4
DA:32,0
DA:35,4
DA:36,4
DA:45,4
LF:13
LH:10
BRDA:35,0,0,0
BRDA:35,0,1,4
BRDA:39,1,0,4
BRDA:39,1,1,2
BRF:4
BRH:3
end_of_record
TN:
SF:src\components\Todos\TodoAdd\Schema.ts
FNF:0
FNH:0
DA:3,3
LF:1
LH:1
BRF:0
BRH:0
end_of_record
TN:
SF:src\components\Todos\TodoAdd\TodoAdd.tsx
FN:16,TodoAdd
FN:22,(anonymous_1)
FNF:2
FNH:2
FNDA:25,TodoAdd
FNDA:2,(anonymous_1)
DA:17,25
DA:23,2
DA:24,2
DA:28,25
LF:4
LH:4
BRDA:44,0,0,25
BRDA:44,0,1,23
BRF:2
BRH:2
end_of_record
TN:
SF:src\components\Todos\TodoItem\Schema.ts
FNF:0
FNH:0
DA:3,3
LF:1
LH:1
BRF:0
BRH:0
end_of_record
TN:
SF:src\components\Todos\TodoItem\TodoItem.tsx
FN:22,(anonymous_0)
FN:32,(anonymous_1)
FN:42,(anonymous_2)
FN:88,(anonymous_3)
FN:97,(anonymous_4)
FNF:5
FNH:4
FNDA:18,(anonymous_0)
FNDA:2,(anonymous_1)
FNDA:1,(anonymous_2)
FNDA:3,(anonymous_3)
FNDA:0,(anonymous_4)
DA:21,3
DA:23,18
DA:33,2
DA:38,2
DA:42,18
DA:43,1
DA:46,18
DA:88,3
DA:97,0
LF:9
LH:8
BRDA:50,0,0,6
BRDA:50,0,1,12
BRDA:69,1,0,1
BRDA:69,1,1,17
BRDA:73,2,0,6
BRDA:73,2,1,12
BRF:6
BRH:6
end_of_record
TN:
SF:src\components\ui\Button\Button.tsx
FN:10,(anonymous_0)
FNF:1
FNH:1
FNDA:61,(anonymous_0)
DA:10,4
DA:16,61
DA:20,61
LF:3
LH:3
BRF:0
BRH:0
end_of_record
TN:
SF:src\components\ui\Checkbox\Checkbox.tsx
FN:11,(anonymous_0)
FNF:1
FNH:1
FNDA:18,(anonymous_0)
DA:11,3
DA:12,18
LF:2
LH:2
BRDA:15,0,0,18
BRDA:15,0,1,18
BRF:2
BRH:2
end_of_record
TN:
SF:src\components\ui\Container\Container.tsx
FN:5,Container
FNF:1
FNH:1
FNDA:1,Container
DA:9,1
LF:1
LH:1
BRF:0
BRH:0
end_of_record
TN:
SF:src\components\ui\Icons\BaseIcon.tsx
FN:13,BaseIcon
FNF:1
FNH:1
FNDA:2,BaseIcon
DA:8,1
DA:24,2
LF:2
LH:2
BRF:0
BRH:0
end_of_record
TN:
SF:src\components\ui\Input\Input.tsx
FN:16,(anonymous_0)
FNF:1
FNH:1
FNDA:23,(anonymous_0)
DA:15,4
DA:26,23
LF:2
LH:2
BRDA:32,0,0,23
BRDA:32,0,1,19
BRDA:43,1,0,23
BRDA:43,1,1,2
BRF:4
BRH:4
end_of_record
TN:
SF:src\components\ui\PageHead\PageHead.tsx
FN:5,PageHead
FNF:1
FNH:1
FNDA:1,PageHead
DA:9,1
LF:1
LH:1
BRF:0
BRH:0
end_of_record
TN:
SF:src\contexts\ThemeContext.tsx
FN:6,(anonymous_0)
FN:8,(anonymous_1)
FNF:2
FNH:1
FNDA:0,(anonymous_0)
FNDA:2,(anonymous_1)
DA:5,1
DA:6,1
DA:8,1
DA:9,2
DA:11,2
LF:5
LH:5
BRF:0
BRH:0
end_of_record
TN:
SF:src\hooks\useDidMount.tsx
FN:8,(anonymous_0)
FN:14,(anonymous_1)
FNF:2
FNH:2
FNDA:18,(anonymous_0)
FNDA:10,(anonymous_1)
DA:8,3
DA:12,18
DA:14,18
DA:15,10
DA:16,10
DA:17,9
LF:6
LH:6
BRDA:16,0,0,1
BRDA:16,0,1,9
BRF:2
BRH:2
end_of_record
TN:
SF:src\hooks\useTheme.tsx
FN:6,(anonymous_0)
FN:9,(anonymous_1)
FN:10,(anonymous_2)
FN:12,(anonymous_3)
FN:16,(anonymous_4)
FN:23,(anonymous_5)
FN:26,(anonymous_6)
FNF:7
FNH:7
FNDA:6,(anonymous_0)
FNDA:2,(anonymous_1)
FNDA:2,(anonymous_2)
FNDA:6,(anonymous_3)
FNDA:6,(anonymous_4)
FNDA:2,(anonymous_5)
FNDA:2,(anonymous_6)
DA:6,1
DA:7,6
DA:9,6
DA:10,2
DA:12,6
DA:13,6
DA:16,6
DA:17,6
DA:20,6
DA:23,1
DA:24,2
DA:26,1
DA:27,2
LF:13
LH:13
BRDA:10,0,0,1
BRDA:10,0,1,1
BRF:2
BRH:2
end_of_record
TN:
SF:src\misc\helpers.ts
FN:10,(anonymous_0)
FN:11,(anonymous_1)
FN:15,uuid
FN:20,(anonymous_3)
FN:24,(anonymous_4)
FN:30,(anonymous_5)
FNF:6
FNH:4
FNDA:0,(anonymous_0)
FNDA:0,(anonymous_1)
FNDA:2,uuid
FNDA:3,(anonymous_3)
FNDA:2,(anonymous_4)
FNDA:3,(anonymous_5)
DA:10,2
DA:11,0
DA:12,0
DA:16,2
DA:17,2
DA:20,2
DA:21,3
DA:24,2
DA:25,2
DA:26,2
DA:27,1
DA:30,2
DA:31,3
DA:32,3
DA:33,0
LF:15
LH:12
BRDA:12,0,0,0
BRDA:12,0,1,0
BRDA:26,1,0,1
BRDA:26,1,1,1
BRDA:32,2,0,3
BRDA:32,2,1,0
BRF:6
BRH:3
end_of_record
TN:
SF:src\pages\Home\Home.tsx
FN:5,(anonymous_0)
FNF:1
FNH:1
FNDA:1,(anonymous_0)
DA:5,1
DA:6,1
LF:2
LH:2
BRF:0
BRH:0
end_of_record
TN:
SF:src\redux\hooks.ts
FNF:0
FNH:0
DA:5,2
DA:6,2
LF:2
LH:2
BRF:0
BRH:0
end_of_record
TN:
SF:src\redux\sagas\rootSaga.ts
FN:4,rootSaga
FNF:1
FNH:1
FNDA:4,rootSaga
DA:5,4
LF:1
LH:1
BRF:0
BRH:0
end_of_record
TN:
SF:src\redux\sagas\todos.ts
FN:14,getAllTodos
FN:30,createTodo
FN:48,updateTodo
FN:66,deleteTodo
FNF:4
FNH:1
FNDA:6,getAllTodos
FNDA:0,createTodo
FNDA:0,updateTodo
FNDA:0,deleteTodo
DA:15,6
DA:16,6
DA:17,6
DA:18,6
DA:20,1
DA:22,1
DA:23,1
DA:24,0
DA:26,2
DA:33,0
DA:34,0
DA:35,0
DA:36,0
DA:38,0
DA:40,0
DA:41,0
DA:42,0
DA:44,0
DA:51,0
DA:52,0
DA:53,0
DA:54,0
DA:56,0
DA:58,0
DA:59,0
DA:60,0
DA:62,0
DA:69,0
DA:70,0
DA:71,0
DA:72,0
DA:73,0
DA:75,0
DA:76,0
DA:77,0
DA:79,0
LF:36
LH:8
BRDA:22,0,0,1
BRDA:22,0,1,0
BRDA:40,1,0,0
BRDA:40,1,1,0
BRDA:58,2,0,0
BRDA:58,2,1,0
BRDA:75,3,0,0
BRDA:75,3,1,0
BRF:8
BRH:1
end_of_record
TN:
SF:src\redux\slices\todoSlice.ts
FN:20,(anonymous_0)
FN:23,(anonymous_1)
FN:26,(anonymous_2)
FN:29,(anonymous_3)
FN:31,(anonymous_4)
FN:34,(anonymous_5)
FN:35,(anonymous_6)
FN:41,(anonymous_7)
FN:44,(anonymous_8)
FNF:9
FNH:1
FNDA:8,(anonymous_0)
FNDA:0,(anonymous_1)
FNDA:0,(anonymous_2)
FNDA:0,(anonymous_3)
FNDA:0,(anonymous_4)
FNDA:0,(anonymous_5)
FNDA:0,(anonymous_6)
FNDA:0,(anonymous_7)
FNDA:0,(anonymous_8)
DA:9,4
DA:16,4
DA:20,8
DA:24,0
DA:27,0
DA:30,0
DA:31,0
DA:32,0
DA:35,0
DA:36,0
DA:37,0
DA:42,0
DA:45,0
DA:50,4
DA:51,4
DA:52,4
DA:55,4
DA:60,4
DA:62,4
LF:19
LH:9
BRDA:36,0,0,0
BRDA:36,0,1,0
BRF:2
BRH:0
end_of_record
